This is pdfTeX, Version 3.14159265-2.6-1.40.20 (MiKTeX 2.9.7140 64-bit) (preloaded format=pdflatex 2019.8.16)  22 AUG 2019 00:06
entering extended mode
**./document.tex
(document.tex
LaTeX2e <2018-12-01>
("C:\Users\Indio\AppData\Local\Programs\MiKTeX 2.9\tex/latex/base\book.cls"
Document Class: book 2018/09/03 v1.4i Standard LaTeX document class
("C:\Users\Indio\AppData\Local\Programs\MiKTeX 2.9\tex/latex/base\bk11.clo"
File: bk11.clo 2018/09/03 v1.4i Standard LaTeX file (size option)
)
\c@part=\count80
\c@chapter=\count81
\c@section=\count82
\c@subsection=\count83
\c@subsubsection=\count84
\c@paragraph=\count85
\c@subparagraph=\count86
\c@figure=\count87
\c@table=\count88
\abovecaptionskip=\skip41
\belowcaptionskip=\skip42
\bibindent=\dimen102
)
("C:\Users\Indio\AppData\Local\Programs\MiKTeX 2.9\tex/latex/lm\lmodern.sty"
Package: lmodern 2009/10/30 v1.6 Latin Modern Fonts
LaTeX Font Info:    Overwriting symbol font `operators' in version `normal'
(Font)                  OT1/cmr/m/n --> OT1/lmr/m/n on input line 22.
LaTeX Font Info:    Overwriting symbol font `letters' in version `normal'
(Font)                  OML/cmm/m/it --> OML/lmm/m/it on input line 23.
LaTeX Font Info:    Overwriting symbol font `symbols' in version `normal'
(Font)                  OMS/cmsy/m/n --> OMS/lmsy/m/n on input line 24.
LaTeX Font Info:    Overwriting symbol font `largesymbols' in version `normal'
(Font)                  OMX/cmex/m/n --> OMX/lmex/m/n on input line 25.
LaTeX Font Info:    Overwriting symbol font `operators' in version `bold'
(Font)                  OT1/cmr/bx/n --> OT1/lmr/bx/n on input line 26.
LaTeX Font Info:    Overwriting symbol font `letters' in version `bold'
(Font)                  OML/cmm/b/it --> OML/lmm/b/it on input line 27.
LaTeX Font Info:    Overwriting symbol font `symbols' in version `bold'
(Font)                  OMS/cmsy/b/n --> OMS/lmsy/b/n on input line 28.
LaTeX Font Info:    Overwriting symbol font `largesymbols' in version `bold'
(Font)                  OMX/cmex/m/n --> OMX/lmex/m/n on input line 29.
LaTeX Font Info:    Overwriting math alphabet `\mathbf' in version `normal'
(Font)                  OT1/cmr/bx/n --> OT1/lmr/bx/n on input line 31.
LaTeX Font Info:    Overwriting math alphabet `\mathsf' in version `normal'
(Font)                  OT1/cmss/m/n --> OT1/lmss/m/n on input line 32.
LaTeX Font Info:    Overwriting math alphabet `\mathit' in version `normal'
(Font)                  OT1/cmr/m/it --> OT1/lmr/m/it on input line 33.
LaTeX Font Info:    Overwriting math alphabet `\mathtt' in version `normal'
(Font)                  OT1/cmtt/m/n --> OT1/lmtt/m/n on input line 34.
LaTeX Font Info:    Overwriting math alphabet `\mathbf' in version `bold'
(Font)                  OT1/cmr/bx/n --> OT1/lmr/bx/n on input line 35.
LaTeX Font Info:    Overwriting math alphabet `\mathsf' in version `bold'
(Font)                  OT1/cmss/bx/n --> OT1/lmss/bx/n on input line 36.
LaTeX Font Info:    Overwriting math alphabet `\mathit' in version `bold'
(Font)                  OT1/cmr/bx/it --> OT1/lmr/bx/it on input line 37.
LaTeX Font Info:    Overwriting math alphabet `\mathtt' in version `bold'
(Font)                  OT1/cmtt/m/n --> OT1/lmtt/m/n on input line 38.
)
("C:\Users\Indio\AppData\Local\Programs\MiKTeX 2.9\tex/generic/babel\babel.sty"
Package: babel 2019/07/19 3.33 The Babel package
("C:\Users\Indio\AppData\Local\Programs\MiKTeX 2.9\tex/generic/babel\switch.def
"
File: switch.def 2019/07/19 3.33 Babel switching mechanism
)
*************************************
* Local config file bblopts.cfg used
*
("C:\Users\Indio\AppData\Local\Programs\MiKTeX 2.9\tex/latex/arabi\bblopts.cfg"
File: bblopts.cfg 2005/09/08 v0.1 add Arabic and Farsi to "declared" options of
 babel
)
("C:\Users\Indio\AppData\Local\Programs\MiKTeX 2.9\tex/latex/babel-spanish\span
ish.ldf"
Language: spanish.ldf 2016/03/03 v5.0p Spanish support from the babel system

("C:\Users\Indio\AppData\Local\Programs\MiKTeX 2.9\tex/generic/babel\babel.def"
File: babel.def 2019/07/19 3.33 Babel common definitions
\babel@savecnt=\count89
\U@D=\dimen103

("C:\Users\Indio\AppData\Local\Programs\MiKTeX 2.9\tex/generic/babel\txtbabel.d
ef")
\bbl@dirlevel=\count90
)
\es@quottoks=\toks14
\es@quotdepth=\count91
Package babel Info: Making " an active character on input line 561.
Package babel Info: Making . an active character on input line 662.
Package babel Info: Making < an active character on input line 707.
Package babel Info: Making > an active character on input line 707.
)) ("C:\Users\Indio\AppData\Local\Programs\MiKTeX 2.9\tex/latex/url\url.sty"
\Urlmuskip=\muskip10
Package: url 2013/09/16  ver 3.4  Verb mode for urls, etc.
)
("C:\Users\Indio\AppData\Local\Programs\MiKTeX 2.9\tex/latex/graphics\graphics.
sty"
Package: graphics 2017/06/25 v1.2c Standard LaTeX Graphics (DPC,SPQR)

("C:\Users\Indio\AppData\Local\Programs\MiKTeX 2.9\tex/latex/graphics\trig.sty"
Package: trig 2016/01/03 v1.10 sin cos tan (DPC)
)
("C:\Users\Indio\AppData\Local\Programs\MiKTeX 2.9\tex/latex/graphics-cfg\graph
ics.cfg"
File: graphics.cfg 2016/06/04 v1.11 sample graphics configuration
)
Package graphics Info: Driver file: pdftex.def on input line 99.

("C:\Users\Indio\AppData\Local\Programs\MiKTeX 2.9\tex/latex/graphics-def\pdfte
x.def"
File: pdftex.def 2018/01/08 v1.0l Graphics/color driver for pdftex
))
("C:\Users\Indio\AppData\Local\Programs\MiKTeX 2.9\tex/latex/graphics\graphicx.
sty"
Package: graphicx 2017/06/01 v1.1a Enhanced LaTeX Graphics (DPC,SPQR)

("C:\Users\Indio\AppData\Local\Programs\MiKTeX 2.9\tex/latex/graphics\keyval.st
y"
Package: keyval 2014/10/28 v1.15 key=value parser (DPC)
\KV@toks@=\toks15
)
\Gin@req@height=\dimen104
\Gin@req@width=\dimen105
)
("C:\Users\Indio\AppData\Local\Programs\MiKTeX 2.9\tex/latex/float\float.sty"
Package: float 2001/11/08 v1.3d Float enhancements (AL)
\c@float@type=\count92
\float@exts=\toks16
\float@box=\box27
\@float@everytoks=\toks17
\@floatcapt=\box28
)
("C:\Users\Indio\AppData\Local\Programs\MiKTeX 2.9\tex/latex/eurosym\eurosym.st
y"
Package: eurosym 1998/08/06 v1.1 European currency symbol ``Euro''
\@eurobox=\box29
)
("C:\Users\Indio\AppData\Local\Programs\MiKTeX 2.9\tex/latex/tools\enumerate.st
y"
Package: enumerate 2015/07/23 v3.00 enumerate extensions (DPC)
\@enLab=\toks18
)
("C:\Users\Indio\AppData\Local\Programs\MiKTeX 2.9\tex/latex/hyperref\hyperref.
sty"
Package: hyperref 2019/06/12 v6.88h Hypertext links for LaTeX

("C:\Users\Indio\AppData\Local\Programs\MiKTeX 2.9\tex/generic/oberdiek\hobsub-
hyperref.sty"
Package: hobsub-hyperref 2016/05/16 v1.14 Bundle oberdiek, subset hyperref (HO)


("C:\Users\Indio\AppData\Local\Programs\MiKTeX 2.9\tex/generic/oberdiek\hobsub-
generic.sty"
Package: hobsub-generic 2016/05/16 v1.14 Bundle oberdiek, subset generic (HO)
Package: hobsub 2016/05/16 v1.14 Construct package bundles (HO)
Package: infwarerr 2016/05/16 v1.4 Providing info/warning/error messages (HO)
Package: ltxcmds 2016/05/16 v1.23 LaTeX kernel commands for general use (HO)
Package: ifluatex 2016/05/16 v1.4 Provides the ifluatex switch (HO)
Package ifluatex Info: LuaTeX not detected.
Package: ifvtex 2016/05/16 v1.6 Detect VTeX and its facilities (HO)
Package ifvtex Info: VTeX not detected.
Package: intcalc 2016/05/16 v1.2 Expandable calculations with integers (HO)
Package: ifpdf 2018/09/07 v3.3 Provides the ifpdf switch
Package: etexcmds 2016/05/16 v1.6 Avoid name clashes with e-TeX commands (HO)
Package: kvsetkeys 2016/05/16 v1.17 Key value parser (HO)
Package: kvdefinekeys 2016/05/16 v1.4 Define keys (HO)
Package: pdftexcmds 2019/07/25 v0.30 Utility functions of pdfTeX for LuaTeX (HO
)
Package pdftexcmds Info: LuaTeX not detected.
Package pdftexcmds Info: \pdf@primitive is available.
Package pdftexcmds Info: \pdf@ifprimitive is available.
Package pdftexcmds Info: \pdfdraftmode found.
Package: pdfescape 2016/05/16 v1.14 Implements pdfTeX's escape features (HO)
Package: bigintcalc 2016/05/16 v1.4 Expandable calculations on big integers (HO
)
Package: bitset 2016/05/16 v1.2 Handle bit-vector datatype (HO)
Package: uniquecounter 2016/05/16 v1.3 Provide unlimited unique counter (HO)
)
Package hobsub Info: Skipping package `hobsub' (already loaded).
Package: letltxmacro 2016/05/16 v1.5 Let assignment for LaTeX macros (HO)
Package: hopatch 2016/05/16 v1.3 Wrapper for package hooks (HO)
Package: xcolor-patch 2016/05/16 xcolor patch
Package: atveryend 2016/05/16 v1.9 Hooks at the very end of document (HO)
Package atveryend Info: \enddocument detected (standard20110627).
Package: atbegshi 2016/06/09 v1.18 At begin shipout hook (HO)
Package: refcount 2016/05/16 v3.5 Data extraction from label references (HO)
Package: hycolor 2016/05/16 v1.8 Color options for hyperref/bookmark (HO)
)
("C:\Users\Indio\AppData\Local\Programs\MiKTeX 2.9\tex/generic/ifxetex\ifxetex.
sty"
Package: ifxetex 2010/09/12 v0.6 Provides ifxetex conditional
)
("C:\Users\Indio\AppData\Local\Programs\MiKTeX 2.9\tex/latex/oberdiek\auxhook.s
ty"
Package: auxhook 2016/05/16 v1.4 Hooks for auxiliary files (HO)
)
("C:\Users\Indio\AppData\Local\Programs\MiKTeX 2.9\tex/latex/oberdiek\kvoptions
.sty"
Package: kvoptions 2016/05/16 v3.12 Key value format for package options (HO)
)
\@linkdim=\dimen106
\Hy@linkcounter=\count93
\Hy@pagecounter=\count94

("C:\Users\Indio\AppData\Local\Programs\MiKTeX 2.9\tex/latex/hyperref\pd1enc.de
f"
File: pd1enc.def 2019/06/12 v6.88h Hyperref: PDFDocEncoding definition (HO)
Now handling font encoding PD1 ...
... no UTF-8 mapping file for font encoding PD1
)
\Hy@SavedSpaceFactor=\count95

("C:\Users\Indio\AppData\Local\Programs\MiKTeX 2.9\tex/latex/00miktex\hyperref.
cfg"
File: hyperref.cfg 2002/06/06 v1.2 hyperref configuration of TeXLive
)
Package hyperref Info: Hyper figures OFF on input line 4550.
Package hyperref Info: Link nesting OFF on input line 4555.
Package hyperref Info: Hyper index ON on input line 4558.
Package hyperref Info: Plain pages OFF on input line 4565.
Package hyperref Info: Backreferencing OFF on input line 4570.
Package hyperref Info: Implicit mode ON; LaTeX internals redefined.
Package hyperref Info: Bookmarks ON on input line 4803.
\c@Hy@tempcnt=\count96
LaTeX Info: Redefining \url on input line 5156.
\XeTeXLinkMargin=\dimen107
\Fld@menulength=\count97
\Field@Width=\dimen108
\Fld@charsize=\dimen109
Package hyperref Info: Hyper figures OFF on input line 6411.
Package hyperref Info: Link nesting OFF on input line 6416.
Package hyperref Info: Hyper index ON on input line 6419.
Package hyperref Info: backreferencing OFF on input line 6426.
Package hyperref Info: Link coloring OFF on input line 6431.
Package hyperref Info: Link coloring with OCG OFF on input line 6436.
Package hyperref Info: PDF/A mode OFF on input line 6441.
LaTeX Info: Redefining \ref on input line 6481.
LaTeX Info: Redefining \pageref on input line 6485.
\Hy@abspage=\count98
\c@Item=\count99
\c@Hfootnote=\count100
)
Package hyperref Info: Driver (autodetected): hpdftex.

("C:\Users\Indio\AppData\Local\Programs\MiKTeX 2.9\tex/latex/hyperref\hpdftex.d
ef"
File: hpdftex.def 2019/06/12 v6.88h Hyperref driver for pdfTeX
\Fld@listcount=\count101
\c@bookmark@seq@number=\count102

("C:\Users\Indio\AppData\Local\Programs\MiKTeX 2.9\tex/latex/oberdiek\rerunfile
check.sty"
Package: rerunfilecheck 2016/05/16 v1.8 Rerun checks for auxiliary files (HO)
Package uniquecounter Info: New unique counter `rerunfilecheck' on input line 2
82.
)
\Hy@SectionHShift=\skip43
)
("C:\Users\Indio\AppData\Local\Programs\MiKTeX 2.9\tex/latex/tools\tabularx.sty
"
Package: tabularx 2016/02/03 v2.11b `tabularx' package (DPC)
 ("C:\Users\Indio\AppData\Local\Programs\MiKTeX 2.9\tex/latex/tools\array.sty"
Package: array 2018/12/30 v2.4k Tabular extension package (FMi)
\col@sep=\dimen110
\ar@mcellbox=\box30
\extrarowheight=\dimen111
\NC@list=\toks19
\extratabsurround=\skip44
\backup@length=\skip45
\ar@cellbox=\box31
)
\TX@col@width=\dimen112
\TX@old@table=\dimen113
\TX@old@col=\dimen114
\TX@target=\dimen115
\TX@delta=\dimen116
\TX@cols=\count103
\TX@ftn=\toks20
)
("C:\Users\Indio\AppData\Local\Programs\MiKTeX 2.9\tex/latex/booktabs\booktabs.
sty"
Package: booktabs 2005/04/14 v1.61803 publication quality tables
\heavyrulewidth=\dimen117
\lightrulewidth=\dimen118
\cmidrulewidth=\dimen119
\belowrulesep=\dimen120
\belowbottomsep=\dimen121
\aboverulesep=\dimen122
\abovetopsep=\dimen123
\cmidrulesep=\dimen124
\cmidrulekern=\dimen125
\defaultaddspace=\dimen126
\@cmidla=\count104
\@cmidlb=\count105
\@aboverulesep=\dimen127
\@belowrulesep=\dimen128
\@thisruleclass=\count106
\@lastruleclass=\count107
\@thisrulewidth=\dimen129
)
("C:\Users\Indio\AppData\Local\Programs\MiKTeX 2.9\tex/latex/tools\afterpage.st
y"
Package: afterpage 2014/10/28 v1.08 After-Page Package (DPC)
\AP@output=\toks21
\AP@partial=\box32
\AP@footins=\box33
)
("C:\Users\Indio\AppData\Local\Programs\MiKTeX 2.9\tex/latex/caption\caption.st
y"
Package: caption 2018/10/06 v3.3-154 Customizing captions (AR)

("C:\Users\Indio\AppData\Local\Programs\MiKTeX 2.9\tex/latex/caption\caption3.s
ty"
Package: caption3 2018/09/12 v1.8c caption3 kernel (AR)
Package caption3 Info: TeX engine: e-TeX on input line 64.
\captionmargin=\dimen130
\captionmargin@=\dimen131
\captionwidth=\dimen132
\caption@tempdima=\dimen133
\caption@indent=\dimen134
\caption@parindent=\dimen135
\caption@hangindent=\dimen136
)
\c@caption@flags=\count108
\c@ContinuedFloat=\count109
Package caption Info: float package is loaded.
Package caption Info: hyperref package is loaded.
)
("C:\Users\Indio\AppData\Local\Programs\MiKTeX 2.9\tex/latex/natbib\natbib.sty"
Package: natbib 2010/09/13 8.31b (PWD, AO)
\bibhang=\skip46
\bibsep=\skip47
LaTeX Info: Redefining \cite on input line 694.
\c@NAT@ctr=\count110
)
("C:\Users\Indio\AppData\Local\Programs\MiKTeX 2.9\tex/latex/multirow\multirow.
sty"
Package: multirow 2019/05/31 v2.5 Span multiple rows of a table
\multirow@colwidth=\skip48
\multirow@cntb=\count111
\multirow@dima=\skip49
\bigstrutjot=\dimen137
)
("C:\Users\Indio\AppData\Local\Programs\MiKTeX 2.9\tex/latex/colortbl\colortbl.
sty"
Package: colortbl 2018/12/12 v1.0d Color table columns (DPC)

("C:\Users\Indio\AppData\Local\Programs\MiKTeX 2.9\tex/latex/graphics\color.sty
"
Package: color 2016/07/10 v1.1e Standard LaTeX Color (DPC)

("C:\Users\Indio\AppData\Local\Programs\MiKTeX 2.9\tex/latex/graphics-cfg\color
.cfg"
File: color.cfg 2016/01/02 v1.6 sample color configuration
)
Package color Info: Driver file: pdftex.def on input line 147.
)
\everycr=\toks22
\minrowclearance=\skip50
)
("C:\Users\Indio\AppData\Local\Programs\MiKTeX 2.9\tex/latex/tools\hhline.sty"
Package: hhline 2014/10/28 v2.03 Table rule package (DPC)
)
("C:\Users\Indio\AppData\Local\Programs\MiKTeX 2.9\tex/latex/pdfpages\pdfpages.
sty"
Package: pdfpages 2017/10/31 v0.5l Insert pages of external PDF documents (AM)

("C:\Users\Indio\AppData\Local\Programs\MiKTeX 2.9\tex/latex/base\ifthen.sty"
Package: ifthen 2014/09/29 v1.1c Standard LaTeX ifthen package (DPC)
)
("C:\Users\Indio\AppData\Local\Programs\MiKTeX 2.9\tex/latex/tools\calc.sty"
Package: calc 2017/05/25 v4.3 Infix arithmetic (KKT,FJ)
\calc@Acount=\count112
\calc@Bcount=\count113
\calc@Adimen=\dimen138
\calc@Bdimen=\dimen139
\calc@Askip=\skip51
\calc@Bskip=\skip52
LaTeX Info: Redefining \setlength on input line 80.
LaTeX Info: Redefining \addtolength on input line 81.
\calc@Ccount=\count114
\calc@Cskip=\skip53
)
("C:\Users\Indio\AppData\Local\Programs\MiKTeX 2.9\tex/latex/eso-pic\eso-pic.st
y"
Package: eso-pic 2018/04/12 v2.0h eso-pic (RN)
)
\AM@pagewidth=\dimen140
\AM@pageheight=\dimen141

("C:\Users\Indio\AppData\Local\Programs\MiKTeX 2.9\tex/latex/pdfpages\pppdftex.
def"
File: pppdftex.def 2017/10/31 v0.5l Pdfpages driver for pdfTeX (AM)
)
\AM@pagebox=\box34
\AM@global@opts=\toks23
\AM@toc@title=\toks24
\c@AM@survey=\count115
\AM@templatesizebox=\box35
)
("C:\Users\Indio\AppData\Local\Programs\MiKTeX 2.9\tex/latex/subfigure\subfigur
e.sty"
Package: subfigure 2002/07/30 v2.1.4 subfigure package
\subfigtopskip=\skip54
\subfigcapskip=\skip55
\subfigcaptopadj=\dimen142
\subfigbottomskip=\skip56
\subfigcapmargin=\dimen143
\subfiglabelskip=\skip57
\c@subfigure=\count116
\c@lofdepth=\count117
\c@subtable=\count118
\c@lotdepth=\count119

****************************************
* Local config file subfigure.cfg used *
****************************************

("C:\Users\Indio\AppData\Local\Programs\MiKTeX 2.9\tex/latex/subfigure\subfigur
e.cfg")
\subfig@top=\skip58
\subfig@bottom=\skip59
)
("C:\Users\Indio\AppData\Local\Programs\MiKTeX 2.9\tex/latex/amsmath\amsmath.st
y"
Package: amsmath 2018/12/01 v2.17b AMS math features
\@mathmargin=\skip60

For additional information on amsmath, use the `?' option.

("C:\Users\Indio\AppData\Local\Programs\MiKTeX 2.9\tex/latex/amsmath\amstext.st
y"
Package: amstext 2000/06/29 v2.01 AMS text

("C:\Users\Indio\AppData\Local\Programs\MiKTeX 2.9\tex/latex/amsmath\amsgen.sty
"
File: amsgen.sty 1999/11/30 v2.0 generic functions
\@emptytoks=\toks25
\ex@=\dimen144
))
("C:\Users\Indio\AppData\Local\Programs\MiKTeX 2.9\tex/latex/amsmath\amsbsy.sty
"
Package: amsbsy 1999/11/29 v1.2d Bold Symbols
\pmbraise@=\dimen145
)
("C:\Users\Indio\AppData\Local\Programs\MiKTeX 2.9\tex/latex/amsmath\amsopn.sty
"
Package: amsopn 2016/03/08 v2.02 operator names
)
\inf@bad=\count120
LaTeX Info: Redefining \frac on input line 223.
\uproot@=\count121
\leftroot@=\count122
LaTeX Info: Redefining \overline on input line 385.
\classnum@=\count123
\DOTSCASE@=\count124
LaTeX Info: Redefining \ldots on input line 482.
LaTeX Info: Redefining \dots on input line 485.
LaTeX Info: Redefining \cdots on input line 606.
\Mathstrutbox@=\box36
\strutbox@=\box37
\big@size=\dimen146
LaTeX Font Info:    Redeclaring font encoding OML on input line 729.
LaTeX Font Info:    Redeclaring font encoding OMS on input line 730.
\macc@depth=\count125
\c@MaxMatrixCols=\count126
\dotsspace@=\muskip11
\c@parentequation=\count127
\dspbrk@lvl=\count128
\tag@help=\toks26
\row@=\count129
\column@=\count130
\maxfields@=\count131
\andhelp@=\toks27
\eqnshift@=\dimen147
\alignsep@=\dimen148
\tagshift@=\dimen149
\tagwidth@=\dimen150
\totwidth@=\dimen151
\lineht@=\dimen152
\@envbody=\toks28
\multlinegap=\skip61
\multlinetaggap=\skip62
\mathdisplay@stack=\toks29
LaTeX Info: Redefining \[ on input line 2844.
LaTeX Info: Redefining \] on input line 2845.
)
Package hyperref Info: Option `colorlinks' set `true' on input line 32.

("C:\Users\Indio\AppData\Local\Programs\MiKTeX 2.9\tex/latex/fancyhdr\fancyhdr.
sty"
Package: fancyhdr 2019/01/31 v3.10 Extensive control of page headers and footer
s
\f@nch@headwidth=\skip63
\f@nch@O@elh=\skip64
\f@nch@O@erh=\skip65
\f@nch@O@olh=\skip66
\f@nch@O@orh=\skip67
\f@nch@O@elf=\skip68
\f@nch@O@erf=\skip69
\f@nch@O@olf=\skip70
\f@nch@O@orf=\skip71
)
("C:\Users\Indio\AppData\Local\Programs\MiKTeX 2.9\tex/latex/titlesec\titlesec.
sty"
Package: titlesec 2019/07/16 v2.11 Sectioning titles
\ttl@box=\box38
\beforetitleunit=\skip72
\aftertitleunit=\skip73
\ttl@plus=\dimen153
\ttl@minus=\dimen154
\ttl@toksa=\toks30
\titlewidth=\dimen155
\titlewidthlast=\dimen156
\titlewidthfirst=\dimen157
)
("C:\Users\Indio\AppData\Local\Programs\MiKTeX 2.9\tex/latex/blindtext\blindtex
t.sty"
Package: blindtext 2012/01/06 V2.0 blindtext-Package

("C:\Users\Indio\AppData\Local\Programs\MiKTeX 2.9\tex/latex/tools\xspace.sty"
Package: xspace 2014/10/28 v1.13 Space after command names (DPC,MH)
)
\c@blindtext=\count132
\c@Blindtext=\count133
\c@blind@countparstart=\count134
\blind@countxx=\count135
\blindtext@numBlindtext=\count136
\blind@countyy=\count137
\c@blindlist=\count138
\c@blindlistlevel=\count139
\c@blindlist@level=\count140
\blind@listitem=\count141
\c@blind@listcount=\count142
\c@blind@levelcount=\count143
\blind@mathformula=\count144
\blind@Mathformula=\count145
\c@blind@randomcount=\count146
\c@blind@randommax=\count147
\c@blind@pangramcount=\count148
\c@blind@pangrammax=\count149
)
("C:\Users\Indio\AppData\Local\Programs\MiKTeX 2.9\tex/latex/fncychap\fncychap.
sty"
Package: fncychap 2007/07/30 v1.34 LaTeX package (Revised chapters)
\RW=\skip74
\mylen=\skip75
\myhi=\skip76
\px=\skip77
\py=\skip78
\pyy=\skip79
\pxx=\skip80
) (document.aux
LaTeX Info: Redefining \. on input line 24.
LaTeX Info: Redefining \% on input line 24.
)
\openout1 = `document.aux'.

LaTeX Font Info:    Checking defaults for OML/cmm/m/it on input line 54.
LaTeX Font Info:    ... okay on input line 54.
LaTeX Font Info:    Checking defaults for T1/cmr/m/n on input line 54.
LaTeX Font Info:    ... okay on input line 54.
LaTeX Font Info:    Checking defaults for OT1/cmr/m/n on input line 54.
LaTeX Font Info:    ... okay on input line 54.
LaTeX Font Info:    Checking defaults for OMS/cmsy/m/n on input line 54.
LaTeX Font Info:    ... okay on input line 54.
LaTeX Font Info:    Checking defaults for OMX/cmex/m/n on input line 54.
LaTeX Font Info:    ... okay on input line 54.
LaTeX Font Info:    Checking defaults for U/cmr/m/n on input line 54.
LaTeX Font Info:    ... okay on input line 54.
LaTeX Font Info:    Checking defaults for PD1/pdf/m/n on input line 54.
LaTeX Font Info:    ... okay on input line 54.
LaTeX Font Info:    Try loading font information for OT1+lmss on input line 54.


("C:\Users\Indio\AppData\Local\Programs\MiKTeX 2.9\tex/latex/lm\ot1lmss.fd"
File: ot1lmss.fd 2009/10/30 v1.6 Font defs for Latin Modern
)
LaTeX Info: Redefining \. on input line 54.
LaTeX Info: Redefining \% on input line 54.

("C:\Users\Indio\AppData\Local\Programs\MiKTeX 2.9\tex/context/base/mkii\supp-p
df.mkii"
[Loading MPS to PDF converter (version 2006.09.02).]
\scratchcounter=\count150
\scratchdimen=\dimen158
\scratchbox=\box39
\nofMPsegments=\count151
\nofMParguments=\count152
\everyMPshowfont=\toks31
\MPscratchCnt=\count153
\MPscratchDim=\dimen159
\MPnumerator=\count154
\makeMPintoPDFobject=\count155
\everyMPtoPDFconversion=\toks32
)
("C:\Users\Indio\AppData\Local\Programs\MiKTeX 2.9\tex/latex/oberdiek\epstopdf-
base.sty"
Package: epstopdf-base 2016/05/15 v2.6 Base part for package epstopdf

("C:\Users\Indio\AppData\Local\Programs\MiKTeX 2.9\tex/latex/oberdiek\grfext.st
y"
Package: grfext 2016/05/16 v1.2 Manage graphics extensions (HO)
)
Package epstopdf-base Info: Redefining graphics rule for `.eps' on input line 4
38.
Package grfext Info: Graphics extension search list:
(grfext)             [.pdf,.png,.jpg,.mps,.jpeg,.jbig2,.jb2,.PDF,.PNG,.JPG,.JPE
G,.JBIG2,.JB2,.eps]
(grfext)             \AppendGraphicsExtensions on input line 456.
)
\AtBeginShipoutBox=\box40
Package hyperref Info: Link coloring ON on input line 54.

("C:\Users\Indio\AppData\Local\Programs\MiKTeX 2.9\tex/latex/hyperref\nameref.s
ty"
Package: nameref 2016/05/21 v2.44 Cross-referencing by name of section

("C:\Users\Indio\AppData\Local\Programs\MiKTeX 2.9\tex/generic/oberdiek\gettitl
estring.sty"
Package: gettitlestring 2016/05/16 v1.5 Cleanup title references (HO)
)
\c@section@level=\count156
)
LaTeX Info: Redefining \ref on input line 54.
LaTeX Info: Redefining \pageref on input line 54.
LaTeX Info: Redefining \nameref on input line 54.
 (document.out) (document.out)
\@outlinefile=\write3
\openout3 = `document.out'.

Package caption Info: Begin \AtBeginDocument code.
Package caption Info: subfigure package is loaded.
Package caption Info: End \AtBeginDocument code.

("C:\Users\Indio\AppData\Local\Programs\MiKTeX 2.9\tex/latex/oberdiek\pdflscape
.sty"
Package: pdflscape 2016/05/14 v0.11 Display of landscape pages in PDF (HO)

("C:\Users\Indio\AppData\Local\Programs\MiKTeX 2.9\tex/latex/graphics\lscape.st
y"
Package: lscape 2000/10/22 v3.01 Landscape Pages (DPC)
)
Package pdflscape Info: Auto-detected driver: pdftex on input line 81.
)
<Portadas/Portadadefinitiva.pdf, id=99, 597.79335pt x 845.19763pt>
File: Portadas/Portadadefinitiva.pdf Graphic file (type pdf)
<use Portadas/Portadadefinitiva.pdf>
Package pdftex.def Info: Portadas/Portadadefinitiva.pdf  used on input line 56.

(pdftex.def)             Requested size: 597.79189pt x 845.19557pt.
File: Portadas/Portadadefinitiva.pdf Graphic file (type pdf)
<use Portadas/Portadadefinitiva.pdf>
Package pdftex.def Info: Portadas/Portadadefinitiva.pdf  used on input line 56.

(pdftex.def)             Requested size: 597.79189pt x 845.19557pt.
<Portadas/Portadadefinitiva.pdf, id=102, page=1, 597.79335pt x 845.19763pt>
File: Portadas/Portadadefinitiva.pdf Graphic file (type pdf)
<use Portadas/Portadadefinitiva.pdf, page 1>
Package pdftex.def Info: Portadas/Portadadefinitiva.pdf , page1 used on input l
ine 56.
(pdftex.def)             Requested size: 597.79189pt x 845.19557pt.
File: Portadas/Portadadefinitiva.pdf Graphic file (type pdf)
<use Portadas/Portadadefinitiva.pdf, page 1>
Package pdftex.def Info: Portadas/Portadadefinitiva.pdf , page1 used on input l
ine 56.
(pdftex.def)             Requested size: 597.81924pt x 845.23425pt.
File: Portadas/Portadadefinitiva.pdf Graphic file (type pdf)
<use Portadas/Portadadefinitiva.pdf, page 1>
Package pdftex.def Info: Portadas/Portadadefinitiva.pdf , page1 used on input l
ine 56.
(pdftex.def)             Requested size: 597.81924pt x 845.23425pt.
File: Portadas/Portadadefinitiva.pdf Graphic file (type pdf)
<use Portadas/Portadadefinitiva.pdf, page 1>
Package pdftex.def Info: Portadas/Portadadefinitiva.pdf , page1 used on input l
ine 56.
(pdftex.def)             Requested size: 597.81924pt x 845.23425pt.
File: Portadas/Portadadefinitiva.pdf Graphic file (type pdf)
<use Portadas/Portadadefinitiva.pdf, page 1>
Package pdftex.def Info: Portadas/Portadadefinitiva.pdf , page1 used on input l
ine 56.
(pdftex.def)             Requested size: 597.81924pt x 845.23425pt.
 [1

 <./Portadas/Portadadefinitiva.pdf>] (Capitulos/01_Introduccion.tex
[2

]
Cap\'{\i }tulo 1.
LaTeX Font Info:    Try loading font information for OT1+phv on input line 2.
("C:\Users\Indio\AppData\Local\Programs\MiKTeX 2.9\tex/latex/psnfss\ot1phv.fd"
File: ot1phv.fd 2001/06/04 scalable font definitions for OT1/phv.
)
LaTeX Font Info:    Try loading font information for OT1+ptm on input line 2.
("C:\Users\Indio\AppData\Local\Programs\MiKTeX 2.9\tex/latex/psnfss\ot1ptm.fd"
File: ot1ptm.fd 2001/06/04 font definitions for OT1/ptm.
)
LaTeX Font Info:    Try loading font information for OT1+lmr on input line 2.
("C:\Users\Indio\AppData\Local\Programs\MiKTeX 2.9\tex/latex/lm\ot1lmr.fd"
File: ot1lmr.fd 2009/10/30 v1.6 Font defs for Latin Modern
)
Underfull \hbox (badness 10000) in paragraph at lines 4--5

 []


Underfull \hbox (badness 10000) in paragraph at lines 11--13

 []

LaTeX Font Info:    Font shape `OT1/lmss/m/it' in size <10.95> not available
(Font)              Font shape `OT1/lmss/m/sl' tried instead on input line 20.
LaTeX Font Info:    Font shape `OT1/lmss/bx/it' in size <10.95> not available
(Font)              Font shape `OT1/lmss/bx/sl' tried instead on input line 20.


Underfull \hbox (badness 10000) in paragraph at lines 20--22

 []


Underfull \vbox (badness 1184) has occurred while \output is active []

 [3{C:/Users/Indio/AppData/Local/MiKTeX/2.9/pdftex/config/pdftex.map}]
Underfull \hbox (badness 10000) in paragraph at lines 23--24

 []


Underfull \hbox (badness 10000) in paragraph at lines 42--43

 []


Underfull \hbox (badness 10000) in paragraph at lines 44--45

 []

[4]
LaTeX Font Info:    Try loading font information for OML+lmm on input line 46.
 ("C:\Users\Indio\AppData\Local\Programs\MiKTeX 2.9\tex/latex/lm\omllmm.fd"
File: omllmm.fd 2009/10/30 v1.6 Font defs for Latin Modern
)
LaTeX Font Info:    Try loading font information for OMS+lmsy on input line 46.

("C:\Users\Indio\AppData\Local\Programs\MiKTeX 2.9\tex/latex/lm\omslmsy.fd"
File: omslmsy.fd 2009/10/30 v1.6 Font defs for Latin Modern
)
LaTeX Font Info:    Try loading font information for OMX+lmex on input line 46.


("C:\Users\Indio\AppData\Local\Programs\MiKTeX 2.9\tex/latex/lm\omxlmex.fd"
File: omxlmex.fd 2009/10/30 v1.6 Font defs for Latin Modern
)
LaTeX Font Info:    External font `lmex10' loaded for size
(Font)              <10.95> on input line 46.
LaTeX Font Info:    External font `lmex10' loaded for size
(Font)              <8> on input line 46.
LaTeX Font Info:    External font `lmex10' loaded for size
(Font)              <6> on input line 46.

Underfull \hbox (badness 10000) in paragraph at lines 46--48

 []


Underfull \hbox (badness 10000) in paragraph at lines 51--52

 []


Underfull \hbox (badness 10000) in paragraph at lines 62--63

 []

[5]
<imagenes/AEuler.png, id=167, 1927.2pt x 872.25874pt>
File: imagenes/AEuler.png Graphic file (type png)
<use imagenes/AEuler.png>
Package pdftex.def Info: imagenes/AEuler.png  used on input line 73.
(pdftex.def)             Requested size: 227.62204pt x 103.01614pt.
LaTeX Font Info:    Font shape `OT1/lmss/bx/it' in size <10> not available
(Font)              Font shape `OT1/lmss/bx/sl' tried instead on input line 74.

LaTeX Font Info:    Font shape `OT1/lmss/m/it' in size <10> not available
(Font)              Font shape `OT1/lmss/m/sl' tried instead on input line 74.

Underfull \hbox (badness 10000) in paragraph at lines 70--78

 []


Underfull \hbox (badness 10000) in paragraph at lines 79--80

 []


Underfull \hbox (badness 10000) in paragraph at lines 81--82

 []

[6 <./imagenes/AEuler.png>]
Underfull \hbox (badness 10000) in paragraph at lines 94--96

 []

[7] [8]
Underfull \hbox (badness 10000) in paragraph at lines 196--198

 []

[9] [10]) (Capitulos/02_Analisis-Semejantes.tex [11] [12

]
Cap\'{\i }tulo 2.

Underfull \hbox (badness 10000) in paragraph at lines 6--8

 []


Overfull \hbox (39.70717pt too wide) in paragraph at lines 17--39
 [][] 
 []

Package epstopdf Info: Source file: <graficos/anald.eps>
(epstopdf)                    date: 2019-05-21 22:08:56
(epstopdf)                    size: 20588 bytes
(epstopdf)             Output file: <graficos/anald-eps-converted-to.pdf>
(epstopdf)                    date: 2019-05-21 22:10:14
(epstopdf)                    size: 7304 bytes
(epstopdf)             Command: <epstopdf --outfile=graficos/anald-eps-converte
d-to.pdf graficos/anald.eps>
(epstopdf)             \includegraphics on input line 82.
Package epstopdf Info: Output file is already uptodate.


pdfTeX warning: pdflatex.exe (file ./graficos/anald-eps-converted-to.pdf): PDF 
inclusion: found PDF version <1.7>, but at most version <1.5> allowed
<graficos/anald-eps-converted-to.pdf, id=242, 362.35374pt x 296.10625pt>
File: graficos/anald-eps-converted-to.pdf Graphic file (type pdf)
<use graficos/anald-eps-converted-to.pdf>
Package pdftex.def Info: graficos/anald-eps-converted-to.pdf  used on input lin
e 82.
(pdftex.def)             Requested size: 227.62204pt x 186.01024pt.
Package epstopdf Info: Source file: <graficos/analomega.eps>
(epstopdf)                    date: 2019-05-21 22:08:57
(epstopdf)                    size: 20316 bytes
(epstopdf)             Output file: <graficos/analomega-eps-converted-to.pdf>
(epstopdf)                    date: 2019-05-21 22:10:15
(epstopdf)                    size: 7536 bytes
(epstopdf)             Command: <epstopdf --outfile=graficos/analomega-eps-conv
erted-to.pdf graficos/analomega.eps>
(epstopdf)             \includegraphics on input line 88.
Package epstopdf Info: Output file is already uptodate.


pdfTeX warning: pdflatex.exe (file ./graficos/analomega-eps-converted-to.pdf): 
PDF inclusion: found PDF version <1.7>, but at most version <1.5> allowed
<graficos/analomega-eps-converted-to.pdf, id=243, 371.3875pt x 296.10625pt>
File: graficos/analomega-eps-converted-to.pdf Graphic file (type pdf)
<use graficos/analomega-eps-converted-to.pdf>
Package pdftex.def Info: graficos/analomega-eps-converted-to.pdf  used on input
 line 88.
(pdftex.def)             Requested size: 227.62204pt x 181.48752pt.
Package epstopdf Info: Source file: <graficos/analb.eps>
(epstopdf)                    date: 2019-05-21 22:08:58
(epstopdf)                    size: 20518 bytes
(epstopdf)             Output file: <graficos/analb-eps-converted-to.pdf>
(epstopdf)                    date: 2019-05-21 22:10:16
(epstopdf)                    size: 7256 bytes
(epstopdf)             Command: <epstopdf --outfile=graficos/analb-eps-converte
d-to.pdf graficos/analb.eps>
(epstopdf)             \includegraphics on input line 94.
Package epstopdf Info: Output file is already uptodate.


pdfTeX warning: pdflatex.exe (file ./graficos/analb-eps-converted-to.pdf): PDF 
inclusion: found PDF version <1.7>, but at most version <1.5> allowed
<graficos/analb-eps-converted-to.pdf, id=244, 362.35374pt x 296.10625pt>
File: graficos/analb-eps-converted-to.pdf Graphic file (type pdf)
<use graficos/analb-eps-converted-to.pdf>
Package pdftex.def Info: graficos/analb-eps-converted-to.pdf  used on input lin
e 94.
(pdftex.def)             Requested size: 227.62204pt x 186.01024pt.
Package epstopdf Info: Source file: <graficos/analbtr.eps>
(epstopdf)                    date: 2019-05-21 22:08:59
(epstopdf)                    size: 20658 bytes
(epstopdf)             Output file: <graficos/analbtr-eps-converted-to.pdf>
(epstopdf)                    date: 2019-05-21 22:10:16
(epstopdf)                    size: 7274 bytes
(epstopdf)             Command: <epstopdf --outfile=graficos/analbtr-eps-conver
ted-to.pdf graficos/analbtr.eps>
(epstopdf)             \includegraphics on input line 100.
Package epstopdf Info: Output file is already uptodate.


pdfTeX warning: pdflatex.exe (file ./graficos/analbtr-eps-converted-to.pdf): PD
F inclusion: found PDF version <1.7>, but at most version <1.5> allowed
<graficos/analbtr-eps-converted-to.pdf, id=245, 368.37625pt x 296.10625pt>
File: graficos/analbtr-eps-converted-to.pdf Graphic file (type pdf)
<use graficos/analbtr-eps-converted-to.pdf>
Package pdftex.def Info: graficos/analbtr-eps-converted-to.pdf  used on input l
ine 100.
(pdftex.def)             Requested size: 227.62204pt x 182.96497pt.
Package epstopdf Info: Source file: <graficos/analaut.eps>
(epstopdf)                    date: 2019-05-21 22:08:59
(epstopdf)                    size: 20549 bytes
(epstopdf)             Output file: <graficos/analaut-eps-converted-to.pdf>
(epstopdf)                    date: 2019-05-21 22:10:17
(epstopdf)                    size: 7250 bytes
(epstopdf)             Command: <epstopdf --outfile=graficos/analaut-eps-conver
ted-to.pdf graficos/analaut.eps>
(epstopdf)             \includegraphics on input line 106.
Package epstopdf Info: Output file is already uptodate.


pdfTeX warning: pdflatex.exe (file ./graficos/analaut-eps-converted-to.pdf): PD
F inclusion: found PDF version <1.7>, but at most version <1.5> allowed
<graficos/analaut-eps-converted-to.pdf, id=246, 368.37625pt x 296.10625pt>
File: graficos/analaut-eps-converted-to.pdf Graphic file (type pdf)
<use graficos/analaut-eps-converted-to.pdf>
Package pdftex.def Info: graficos/analaut-eps-converted-to.pdf  used on input l
ine 106.
(pdftex.def)             Requested size: 227.62204pt x 182.96497pt.
Package epstopdf Info: Source file: <graficos/analtecho.eps>
(epstopdf)                    date: 2019-05-21 22:09:00
(epstopdf)                    size: 20355 bytes
(epstopdf)             Output file: <graficos/analtecho-eps-converted-to.pdf>
(epstopdf)                    date: 2019-05-21 22:10:18
(epstopdf)                    size: 7400 bytes
(epstopdf)             Command: <epstopdf --outfile=graficos/analtecho-eps-conv
erted-to.pdf graficos/analtecho.eps>
(epstopdf)             \includegraphics on input line 112.
Package epstopdf Info: Output file is already uptodate.


pdfTeX warning: pdflatex.exe (file ./graficos/analtecho-eps-converted-to.pdf): 
PDF inclusion: found PDF version <1.7>, but at most version <1.5> allowed
<graficos/analtecho-eps-converted-to.pdf, id=247, 384.43625pt x 296.10625pt>
File: graficos/analtecho-eps-converted-to.pdf Graphic file (type pdf)
<use graficos/analtecho-eps-converted-to.pdf>
Package pdftex.def Info: graficos/analtecho-eps-converted-to.pdf  used on input
 line 112.
(pdftex.def)             Requested size: 227.62204pt x 175.32468pt.
Package epstopdf Info: Source file: <graficos/analv.eps>
(epstopdf)                    date: 2019-05-21 22:09:00
(epstopdf)                    size: 20960 bytes
(epstopdf)             Output file: <graficos/analv-eps-converted-to.pdf>
(epstopdf)                    date: 2019-05-21 22:10:18
(epstopdf)                    size: 7497 bytes
(epstopdf)             Command: <epstopdf --outfile=graficos/analv-eps-converte
d-to.pdf graficos/analv.eps>
(epstopdf)             \includegraphics on input line 118.
Package epstopdf Info: Output file is already uptodate.


pdfTeX warning: pdflatex.exe (file ./graficos/analv-eps-converted-to.pdf): PDF 
inclusion: found PDF version <1.7>, but at most version <1.5> allowed
<graficos/analv-eps-converted-to.pdf, id=248, 379.4175pt x 296.10625pt>
File: graficos/analv-eps-converted-to.pdf Graphic file (type pdf)
<use graficos/analv-eps-converted-to.pdf>
Package pdftex.def Info: graficos/analv-eps-converted-to.pdf  used on input lin
e 118.
(pdftex.def)             Requested size: 227.62204pt x 177.64252pt.
[13] [14] [15 <./graficos/anald-eps-converted-to.pdf> <./graficos/analomega-eps
-converted-to.pdf>] [16 <./graficos/analb-eps-converted-to.pdf> <./graficos/ana
lbtr-eps-converted-to.pdf>] [17 <./graficos/analaut-eps-converted-to.pdf> <./gr
aficos/analtecho-eps-converted-to.pdf>] [18 <./graficos/analv-eps-converted-to.
pdf>]

LaTeX Warning: No positions in optional float specifier.
               Default added (so using `tbp') on input line 160.

[19] [20]
Underfull \vbox (badness 1097) has occurred while \output is active []

 [21]
Package epstopdf Info: Source file: <graficos/3d3d.eps>
(epstopdf)                    date: 2019-08-19 10:00:17
(epstopdf)                    size: 118858 bytes
(epstopdf)             Output file: <graficos/3d3d-eps-converted-to.pdf>
(epstopdf)                    date: 2019-08-19 10:13:05
(epstopdf)                    size: 96612 bytes
(epstopdf)             Command: <epstopdf --outfile=graficos/3d3d-eps-converted
-to.pdf graficos/3d3d.eps>
(epstopdf)             \includegraphics on input line 285.
Package epstopdf Info: Output file is already uptodate.


pdfTeX warning: pdflatex.exe (file ./graficos/3d3d-eps-converted-to.pdf): PDF i
nclusion: found PDF version <1.7>, but at most version <1.5> allowed
<graficos/3d3d-eps-converted-to.pdf, id=342, 422.57875pt x 317.185pt>
File: graficos/3d3d-eps-converted-to.pdf Graphic file (type pdf)
<use graficos/3d3d-eps-converted-to.pdf>
Package pdftex.def Info: graficos/3d3d-eps-converted-to.pdf  used on input line
 285.
(pdftex.def)             Requested size: 227.62204pt x 170.85626pt.
Package epstopdf Info: Source file: <graficos/3d2d.eps>
(epstopdf)                    date: 2019-08-19 10:13:52
(epstopdf)                    size: 121917 bytes
(epstopdf)             Output file: <graficos/3d2d-eps-converted-to.pdf>
(epstopdf)                    date: 2019-08-19 10:14:00
(epstopdf)                    size: 124779 bytes
(epstopdf)             Command: <epstopdf --outfile=graficos/3d2d-eps-converted
-to.pdf graficos/3d2d.eps>
(epstopdf)             \includegraphics on input line 291.
Package epstopdf Info: Output file is already uptodate.


pdfTeX warning: pdflatex.exe (file ./graficos/3d2d-eps-converted-to.pdf): PDF i
nclusion: found PDF version <1.7>, but at most version <1.5> allowed
<graficos/3d2d-eps-converted-to.pdf, id=343, 433.62pt x 369.38pt>
File: graficos/3d2d-eps-converted-to.pdf Graphic file (type pdf)
<use graficos/3d2d-eps-converted-to.pdf>
Package pdftex.def Info: graficos/3d2d-eps-converted-to.pdf  used on input line
 291.
(pdftex.def)             Requested size: 227.62204pt x 193.89922pt.
LaTeX Font Info:    External font `lmex10' loaded for size
(Font)              <10> on input line 292.
LaTeX Font Info:    External font `lmex10' loaded for size
(Font)              <7> on input line 292.
LaTeX Font Info:    External font `lmex10' loaded for size
(Font)              <5> on input line 292.
[22 <./graficos/3d3d-eps-converted-to.pdf>]

LaTeX Warning: No positions in optional float specifier.
               Default added (so using `tbp') on input line 310.

[23 <./graficos/3d2d-eps-converted-to.pdf>]) (Capitulos/03_Vuelo-Horizontal.tex
[24] [25] [26]
Cap\'{\i }tulo 3.
Package epstopdf Info: Source file: <graficos/PMVH.eps>
(epstopdf)                    date: 2019-08-22 00:01:03
(epstopdf)                    size: 25538 bytes
(epstopdf)             Output file: <graficos/PMVH-eps-converted-to.pdf>
(epstopdf)                    date: 2019-08-22 00:05:56
(epstopdf)                    size: 9395 bytes
(epstopdf)             Command: <epstopdf --outfile=graficos/PMVH-eps-converted
-to.pdf graficos/PMVH.eps>
(epstopdf)             \includegraphics on input line 9.
Package epstopdf Info: Output file is already uptodate.


pdfTeX warning: pdflatex.exe (file ./graficos/PMVH-eps-converted-to.pdf): PDF i
nclusion: found PDF version <1.7>, but at most version <1.5> allowed
<graficos/PMVH-eps-converted-to.pdf, id=397, 379.4175pt x 310.15875pt>
File: graficos/PMVH-eps-converted-to.pdf Graphic file (type pdf)
<use graficos/PMVH-eps-converted-to.pdf>
Package pdftex.def Info: graficos/PMVH-eps-converted-to.pdf  used on input line
 9.
(pdftex.def)             Requested size: 227.62204pt x 186.07301pt.
Package epstopdf Info: Source file: <graficos/ControlVH.eps>
(epstopdf)                    date: 2019-08-22 00:01:06
(epstopdf)                    size: 34085 bytes
(epstopdf)             Output file: <graficos/ControlVH-eps-converted-to.pdf>
(epstopdf)                    date: 2019-08-22 00:05:58
(epstopdf)                    size: 14133 bytes
(epstopdf)             Command: <epstopdf --outfile=graficos/ControlVH-eps-conv
erted-to.pdf graficos/ControlVH.eps>
(epstopdf)             \includegraphics on input line 15.
Package epstopdf Info: Output file is already uptodate.


pdfTeX warning: pdflatex.exe (file ./graficos/ControlVH-eps-converted-to.pdf): 
PDF inclusion: found PDF version <1.7>, but at most version <1.5> allowed
<graficos/ControlVH-eps-converted-to.pdf, id=398, 388.45125pt x 297.11pt>
File: graficos/ControlVH-eps-converted-to.pdf Graphic file (type pdf)
<use graficos/ControlVH-eps-converted-to.pdf>
Package pdftex.def Info: graficos/ControlVH-eps-converted-to.pdf  used on input
 line 15.
(pdftex.def)             Requested size: 227.62204pt x 174.10106pt.
Package epstopdf Info: Source file: <graficos/EulerVH.eps>
(epstopdf)                    date: 2019-08-22 00:01:08
(epstopdf)                    size: 37944 bytes
(epstopdf)             Output file: <graficos/EulerVH-eps-converted-to.pdf>
(epstopdf)                    date: 2019-08-22 00:05:59
(epstopdf)                    size: 15503 bytes
(epstopdf)             Command: <epstopdf --outfile=graficos/EulerVH-eps-conver
ted-to.pdf graficos/EulerVH.eps>
(epstopdf)             \includegraphics on input line 21.
Package epstopdf Info: Output file is already uptodate.


pdfTeX warning: pdflatex.exe (file ./graficos/EulerVH-eps-converted-to.pdf): PD
F inclusion: found PDF version <1.7>, but at most version <1.5> allowed
<graficos/EulerVH-eps-converted-to.pdf, id=399, 387.4475pt x 297.11pt>
File: graficos/EulerVH-eps-converted-to.pdf Graphic file (type pdf)
<use graficos/EulerVH-eps-converted-to.pdf>
Package pdftex.def Info: graficos/EulerVH-eps-converted-to.pdf  used on input l
ine 21.
(pdftex.def)             Requested size: 227.62204pt x 174.54988pt.
Package epstopdf Info: Source file: <graficos/PVH.eps>
(epstopdf)                    date: 2019-08-22 00:01:09
(epstopdf)                    size: 24425 bytes
(epstopdf)             Output file: <graficos/PVH-eps-converted-to.pdf>
(epstopdf)                    date: 2019-08-22 00:06:00
(epstopdf)                    size: 8926 bytes
(epstopdf)             Command: <epstopdf --outfile=graficos/PVH-eps-converted-
to.pdf graficos/PVH.eps>
(epstopdf)             \includegraphics on input line 27.
Package epstopdf Info: Output file is already uptodate.


pdfTeX warning: pdflatex.exe (file ./graficos/PVH-eps-converted-to.pdf): PDF in
clusion: found PDF version <1.7>, but at most version <1.5> allowed
<graficos/PVH-eps-converted-to.pdf, id=400, 377.41pt x 310.15875pt>
File: graficos/PVH-eps-converted-to.pdf Graphic file (type pdf)
<use graficos/PVH-eps-converted-to.pdf>
Package pdftex.def Info: graficos/PVH-eps-converted-to.pdf  used on input line 
27.
(pdftex.def)             Requested size: 227.62204pt x 187.06213pt.
[27

] [28 <./graficos/PMVH-eps-converted-to.pdf> <./graficos/ControlVH-eps-converte
d-to.pdf>] [29 <./graficos/EulerVH-eps-converted-to.pdf> <./graficos/PVH-eps-co
nverted-to.pdf>]

Package natbib Warning: Citation `Filippone' on page 30 undefined on input line
 47.


Overfull \hbox (12.87119pt too wide) in paragraph at lines 77--85
 [][] 
 []

Package epstopdf Info: Source file: <graficos/teVH.eps>
(epstopdf)                    date: 2019-08-22 00:01:10
(epstopdf)                    size: 23273 bytes
(epstopdf)             Output file: <graficos/teVH-eps-converted-to.pdf>
(epstopdf)                    date: 2019-08-22 00:06:01
(epstopdf)                    size: 8653 bytes
(epstopdf)             Command: <epstopdf --outfile=graficos/teVH-eps-converted
-to.pdf graficos/teVH.eps>
(epstopdf)             \includegraphics on input line 93.
Package epstopdf Info: Output file is already uptodate.


pdfTeX warning: pdflatex.exe (file ./graficos/teVH-eps-converted-to.pdf): PDF i
nclusion: found PDF version <1.7>, but at most version <1.5> allowed
<graficos/teVH-eps-converted-to.pdf, id=449, 379.4175pt x 297.11pt>
File: graficos/teVH-eps-converted-to.pdf Graphic file (type pdf)
<use graficos/teVH-eps-converted-to.pdf>
Package pdftex.def Info: graficos/teVH-eps-converted-to.pdf  used on input line
 93.
(pdftex.def)             Requested size: 227.62204pt x 178.2447pt.
[30] [31 <./graficos/teVH-eps-converted-to.pdf>]
Package epstopdf Info: Source file: <graficos/FAP.eps>
(epstopdf)                    date: 2019-08-22 00:01:12
(epstopdf)                    size: 23673 bytes
(epstopdf)             Output file: <graficos/FAP-eps-converted-to.pdf>
(epstopdf)                    date: 2019-08-22 00:06:01
(epstopdf)                    size: 9053 bytes
(epstopdf)             Command: <epstopdf --outfile=graficos/FAP-eps-converted-
to.pdf graficos/FAP.eps>
(epstopdf)             \includegraphics on input line 113.
Package epstopdf Info: Output file is already uptodate.


pdfTeX warning: pdflatex.exe (file ./graficos/FAP-eps-converted-to.pdf): PDF in
clusion: found PDF version <1.7>, but at most version <1.5> allowed
<graficos/FAP-eps-converted-to.pdf, id=475, 388.45125pt x 297.11pt>
File: graficos/FAP-eps-converted-to.pdf Graphic file (type pdf)
<use graficos/FAP-eps-converted-to.pdf>
Package pdftex.def Info: graficos/FAP-eps-converted-to.pdf  used on input line 
113.
(pdftex.def)             Requested size: 227.62204pt x 174.10106pt.
Package epstopdf Info: Source file: <graficos/FEV.eps>
(epstopdf)                    date: 2019-08-22 00:01:12
(epstopdf)                    size: 25784 bytes
(epstopdf)             Output file: <graficos/FEV-eps-converted-to.pdf>
(epstopdf)                    date: 2019-08-22 00:06:02
(epstopdf)                    size: 10631 bytes
(epstopdf)             Command: <epstopdf --outfile=graficos/FEV-eps-converted-
to.pdf graficos/FEV.eps>
(epstopdf)             \includegraphics on input line 120.
Package epstopdf Info: Output file is already uptodate.


pdfTeX warning: pdflatex.exe (file ./graficos/FEV-eps-converted-to.pdf): PDF in
clusion: found PDF version <1.7>, but at most version <1.5> allowed
<graficos/FEV-eps-converted-to.pdf, id=476, 381.425pt x 299.1175pt>
File: graficos/FEV-eps-converted-to.pdf Graphic file (type pdf)
<use graficos/FEV-eps-converted-to.pdf>
Package pdftex.def Info: graficos/FEV-eps-converted-to.pdf  used on input line 
120.
(pdftex.def)             Requested size: 170.71652pt x 133.87592pt.
Package epstopdf Info: Source file: <graficos/FEH.eps>
(epstopdf)                    date: 2019-08-22 00:01:13
(epstopdf)                    size: 25723 bytes
(epstopdf)             Output file: <graficos/FEH-eps-converted-to.pdf>
(epstopdf)                    date: 2019-08-22 00:06:03
(epstopdf)                    size: 10630 bytes
(epstopdf)             Command: <epstopdf --outfile=graficos/FEH-eps-converted-
to.pdf graficos/FEH.eps>
(epstopdf)             \includegraphics on input line 121.
Package epstopdf Info: Output file is already uptodate.


pdfTeX warning: pdflatex.exe (file ./graficos/FEH-eps-converted-to.pdf): PDF in
clusion: found PDF version <1.7>, but at most version <1.5> allowed
<graficos/FEH-eps-converted-to.pdf, id=477, 381.425pt x 299.1175pt>
File: graficos/FEH-eps-converted-to.pdf Graphic file (type pdf)
<use graficos/FEH-eps-converted-to.pdf>
Package pdftex.def Info: graficos/FEH-eps-converted-to.pdf  used on input line 
121.
(pdftex.def)             Requested size: 170.71652pt x 133.87592pt.
[32 <./graficos/FAP-eps-converted-to.pdf>]
Package epstopdf Info: Source file: <graficos/FEVa.eps>
(epstopdf)                    date: 2019-08-22 00:02:44
(epstopdf)                    size: 28115 bytes
(epstopdf)             Output file: <graficos/FEVa-eps-converted-to.pdf>
(epstopdf)                    date: 2019-08-22 00:06:04
(epstopdf)                    size: 12160 bytes
(epstopdf)             Command: <epstopdf --outfile=graficos/FEVa-eps-converted
-to.pdf graficos/FEVa.eps>
(epstopdf)             \includegraphics on input line 138.
Package epstopdf Info: Output file is already uptodate.


pdfTeX warning: pdflatex.exe (file ./graficos/FEVa-eps-converted-to.pdf): PDF i
nclusion: found PDF version <1.7>, but at most version <1.5> allowed
<graficos/FEVa-eps-converted-to.pdf, id=489, 381.425pt x 300.12125pt>
File: graficos/FEVa-eps-converted-to.pdf Graphic file (type pdf)
<use graficos/FEVa-eps-converted-to.pdf>
Package pdftex.def Info: graficos/FEVa-eps-converted-to.pdf  used on input line
 138.
(pdftex.def)             Requested size: 170.71652pt x 134.32516pt.
Package epstopdf Info: Source file: <graficos/FEHa.eps>
(epstopdf)                    date: 2019-08-22 00:02:45
(epstopdf)                    size: 29373 bytes
(epstopdf)             Output file: <graficos/FEHa-eps-converted-to.pdf>
(epstopdf)                    date: 2019-08-22 00:06:05
(epstopdf)                    size: 12404 bytes
(epstopdf)             Command: <epstopdf --outfile=graficos/FEHa-eps-converted
-to.pdf graficos/FEHa.eps>
(epstopdf)             \includegraphics on input line 139.
Package epstopdf Info: Output file is already uptodate.


pdfTeX warning: pdflatex.exe (file ./graficos/FEHa-eps-converted-to.pdf): PDF i
nclusion: found PDF version <1.7>, but at most version <1.5> allowed
<graficos/FEHa-eps-converted-to.pdf, id=490, 374.39874pt x 300.12125pt>
File: graficos/FEHa-eps-converted-to.pdf Graphic file (type pdf)
<use graficos/FEHa-eps-converted-to.pdf>
Package pdftex.def Info: graficos/FEHa-eps-converted-to.pdf  used on input line
 139.
(pdftex.def)             Requested size: 170.71652pt x 136.84846pt.
) [33 <./graficos/FEV-eps-converted-to.pdf> <./graficos/FEH-eps-converted-to.pd
f>] (document.bbl [34 <./graficos/FEVa-eps-converted-to.pdf> <./graficos/FEHa-e
ps-converted-to.pdf>]
LaTeX Font Info:    Try loading font information for OT1+lmtt on input line 12.


("C:\Users\Indio\AppData\Local\Programs\MiKTeX 2.9\tex/latex/lm\ot1lmtt.fd"
File: ot1lmtt.fd 2009/10/30 v1.6 Font defs for Latin Modern
)
Underfull \hbox (badness 10000) in paragraph at lines 20--25
\OT1/lmtt/m/n/10.95 www . saffm . hq . af . mil / shared / media / document / A
FD-[]100128-[]072 . pdf$[][]\OT1/lmss/m/n/10.95 ,
 []


Underfull \hbox (badness 10000) in paragraph at lines 27--32
[]\OT1/lmss/m/n/10.95 ROTAX.  Ma-nual del usua-rio de los mo-to-res ro-tax ti-p
o 912.
 []


Underfull \hbox (badness 10000) in paragraph at lines 27--32
[][]$\OT1/lmtt/m/n/10.95 http : / / www . aviasport . com / rotax / Documentaci
on _ 4T / Manuales /
 []


Underfull \hbox (badness 10000) in paragraph at lines 41--46
\OT1/lmtt/m/n/10.95 dtic . mil / descriptivesum / Y2012 / Other / stamped / 030
5219BB _ 7 _ PB _
 []

)

Package natbib Warning: There were undefined citations.

Package atveryend Info: Empty hook `BeforeClearDocument' on input line 72.
[35

]
Package atveryend Info: Empty hook `AfterLastShipout' on input line 72.
 (document.aux
LaTeX Info: Redefining \. on input line 24.
LaTeX Info: Redefining \% on input line 24.
)
Package atveryend Info: Executing hook `AtVeryEndDocument' on input line 72.
Package atveryend Info: Executing hook `AtEndAfterFileList' on input line 72.
Package rerunfilecheck Info: File `document.out' has not changed.
(rerunfilecheck)             Checksum: 1E57764FC6CF0F5E380021D3BCD3C4EA;1877.
Package atveryend Info: Empty hook `AtVeryVeryEnd' on input line 72.
 ) 
Here is how much of TeX's memory you used:
 10561 strings out of 492895
 161626 string characters out of 3123735
 302500 words of memory out of 3000000
 14105 multiletter control sequences out of 15000+200000
 94996 words of font info for 68 fonts, out of 3000000 for 9000
 1141 hyphenation exceptions out of 8191
 37i,18n,43p,959b,491s stack positions out of 5000i,500n,10000p,200000b,50000s
{C:/Users/Indio/AppData/Local/Programs/MiKTeX 2.9/fonts/enc/dvips/lm/lm-rmtt.
enc}{C:/Users/Indio/AppData/Local/Programs/MiKTeX 2.9/fonts/enc/dvips/lm/lm-rm.
enc}{C:/Users/Indio/AppData/Local/Programs/MiKTeX 2.9/fonts/enc/dvips/lm/lm-mat
hit.enc}{C:/Users/Indio/AppData/Local/Programs/MiKTeX 2.9/fonts/enc/dvips/lm/lm
-mathsy.enc}{C:/Users/Indio/AppData/Local/Programs/MiKTeX 2.9/fonts/enc/dvips/l
m/lm-mathex.enc}{C:/Users/Indio/AppData/Local/Programs/MiKTeX 2.9/fonts/enc/dvi
ps/base/8r.enc}<C:/Users/Indio/AppData/Local/Programs/MiKTeX 2.9/fonts/type1/pu
blic/lm/lmbx10.pfb><C:/Users/Indio/AppData/Local/Programs/MiKTeX 2.9/fonts/type
1/public/lm/lmex10.pfb><C:/Users/Indio/AppData/Local/Programs/MiKTeX 2.9/fonts/
type1/public/lm/lmmi10.pfb><C:/Users/Indio/AppData/Local/Programs/MiKTeX 2.9/fo
nts/type1/public/lm/lmmi6.pfb><C:/Users/Indio/AppData/Local/Programs/MiKTeX 2.9
/fonts/type1/public/lm/lmmi7.pfb><C:/Users/Indio/AppData/Local/Programs/MiKTeX 
2.9/fonts/type1/public/lm/lmmi8.pfb><C:/Users/Indio/AppData/Local/Programs/MiKT
eX 2.9/fonts/type1/public/lm/lmmib10.pfb><C:/Users/Indio/AppData/Local/Programs
/MiKTeX 2.9/fonts/type1/public/lm/lmr10.pfb><C:/Users/Indio/AppData/Local/Progr
ams/MiKTeX 2.9/fonts/type1/public/lm/lmr17.pfb><C:/Users/Indio/AppData/Local/Pr
ograms/MiKTeX 2.9/fonts/type1/public/lm/lmr8.pfb><C:/Users/Indio/AppData/Local/
Programs/MiKTeX 2.9/fonts/type1/public/lm/lmss10.pfb><C:/Users/Indio/AppData/Lo
cal/Programs/MiKTeX 2.9/fonts/type1/public/lm/lmss9.pfb><C:/Users/Indio/AppData
/Local/Programs/MiKTeX 2.9/fonts/type1/public/lm/lmssbo10.pfb><C:/Users/Indio/A
ppData/Local/Programs/MiKTeX 2.9/fonts/type1/public/lm/lmssbx10.pfb><C:/Users/I
ndio/AppData/Local/Programs/MiKTeX 2.9/fonts/type1/public/lm/lmsso10.pfb><C:/Us
ers/Indio/AppData/Local/Programs/MiKTeX 2.9/fonts/type1/public/lm/lmsy10.pfb><C
:/Users/Indio/AppData/Local/Programs/MiKTeX 2.9/fonts/type1/public/lm/lmsy8.pfb
><C:/Users/Indio/AppData/Local/Programs/MiKTeX 2.9/fonts/type1/public/lm/lmtt10
.pfb><C:/Users/Indio/AppData/Local/Programs/MiKTeX 2.9/fonts/type1/urw/helvetic
/uhvr8a.pfb><C:/Users/Indio/AppData/Local/Programs/MiKTeX 2.9/fonts/type1/urw/t
imes/utmr8a.pfb>
Output written on document.pdf (35 pages, 1095314 bytes).
PDF statistics:
 637 PDF objects out of 1000 (max. 8388607)
 128 named destinations out of 1000 (max. 500000)
 313 words of extra memory for PDF output out of 10000 (max. 10000000)

