\BOOKMARK [0][-]{chapter.1}{Introducci\363n}{}% 1
\BOOKMARK [1][-]{section.1.1}{Objetivos del Trabajo}{chapter.1}% 2
\BOOKMARK [1][-]{section.1.2}{Uso de las Aeronaves no Tripuladas}{chapter.1}% 3
\BOOKMARK [1][-]{section.1.3}{Mec\341nica del Vuelo de un Helic\363ptero}{chapter.1}% 4
\BOOKMARK [2][-]{subsection.1.3.1}{Sistemas de referencia}{section.1.3}% 5
\BOOKMARK [2][-]{subsection.1.3.2}{Ecuaciones del equilibrio}{section.1.3}% 6
\BOOKMARK [2][-]{subsection.1.3.3}{Acciones externas sobre el fuselaje}{section.1.3}% 7
\BOOKMARK [2][-]{subsection.1.3.4}{Vuelo Equilibrado}{section.1.3}% 8
\BOOKMARK [1][-]{section.1.4}{C\341lculo de Potencias}{chapter.1}% 9
\BOOKMARK [1][-]{section.1.5}{HElicopter and ROtor Equilibrium and Stability toolbox}{chapter.1}% 10
\BOOKMARK [1][-]{section.1.6}{Descripci\363n del Proyecto}{chapter.1}% 11
\BOOKMARK [0][-]{chapter.2}{An\341lisis de Semejantes. Helic\363ptero Semilla}{}% 12
\BOOKMARK [1][-]{section.2.1}{Estudio de Aeronaves de Referencia}{chapter.2}% 13
\BOOKMARK [1][-]{section.2.2}{Descripci\363n Helic\363ptero Base}{chapter.2}% 14
\BOOKMARK [2][-]{subsection.2.2.1}{Rotor Principal del Bo 105}{section.2.2}% 15
\BOOKMARK [2][-]{subsection.2.2.2}{Rotor Antipar del Bo 105}{section.2.2}% 16
\BOOKMARK [2][-]{subsection.2.2.3}{Fuselaje del Bo 105}{section.2.2}% 17
\BOOKMARK [2][-]{subsection.2.2.4}{Estabilizadores del Bo 105}{section.2.2}% 18
\BOOKMARK [2][-]{subsection.2.2.5}{Inercia del Bo 105}{section.2.2}% 19
\BOOKMARK [1][-]{section.2.3}{Limitaciones a la Velocidad de Giro del Rotor}{chapter.2}% 20
\BOOKMARK [1][-]{section.2.4}{Helic\363ptero Semilla}{chapter.2}% 21
\BOOKMARK [0][-]{chapter.3}{Vuelo Horizontal}{}% 22
